<?xml version="1.0" encoding="UTF-8" ?>
<testsuite tests="11" failures="0" name="TestSuite" time="20.424" errors="0" skipped="0">
  <properties>
    <property name="java.runtime.name" value="OpenJDK Runtime Environment"/>
    <property name="sun.boot.library.path" value="C:\java-1.8.0-openjdk\jre\bin"/>
    <property name="java.vm.version" value="25.191-b12"/>
    <property name="java.vm.vendor" value="Oracle Corporation"/>
    <property name="maven.multiModuleProjectDirectory" value="C:\Users\avallapr\eclipse-workspace\demotest"/>
    <property name="java.vendor.url" value="http://java.oracle.com/"/>
    <property name="path.separator" value=";"/>
    <property name="guice.disable.misplaced.annotation.check" value="true"/>
    <property name="java.vm.name" value="OpenJDK 64-Bit Server VM"/>
    <property name="file.encoding.pkg" value="sun.io"/>
    <property name="user.script" value=""/>
    <property name="user.country" value="US"/>
    <property name="sun.java.launcher" value="SUN_STANDARD"/>
    <property name="sun.os.patch.level" value=""/>
    <property name="java.vm.specification.name" value="Java Virtual Machine Specification"/>
    <property name="user.dir" value="C:\Users\avallapr\eclipse-workspace\demotest"/>
    <property name="java.runtime.version" value="1.8.0_191-1-ojdkbuild-b12"/>
    <property name="java.awt.graphicsenv" value="sun.awt.Win32GraphicsEnvironment"/>
    <property name="java.endorsed.dirs" value="C:\java-1.8.0-openjdk\jre\lib\endorsed"/>
    <property name="os.arch" value="amd64"/>
    <property name="java.io.tmpdir" value="C:\Users\avallapr\AppData\Local\Temp\"/>
    <property name="line.separator" value="
"/>
    <property name="java.vm.specification.vendor" value="Oracle Corporation"/>
    <property name="user.variant" value=""/>
    <property name="os.name" value="Windows 10"/>
    <property name="classworlds.conf" value="C:\Users\avallapr\eclipse-workspace\.metadata\.plugins\org.eclipse.m2e.launching\launches\m2conf66411867165850846.tmp"/>
    <property name="sun.jnu.encoding" value="Cp1252"/>
    <property name="java.library.path" value="C:\java-1.8.0-openjdk\bin;C:\WINDOWS\Sun\Java\bin;C:\WINDOWS\system32;C:\WINDOWS;C:/java-1.8.0-openjdk/bin/../jre/bin/server;C:/java-1.8.0-openjdk/bin/../jre/bin;C:/java-1.8.0-openjdk/bin/../jre/lib/amd64;C:\Informatica\10.5_new\java\jre\bin\server;C:\Informatica\10.5_new\tools\odbcdrv;C:\Informatica\10.5_new\tools\jdbcdrv;C:\Informatica\10.5_new\tools\sharedlibs;C:\Informatica\10.5_new\tools\datadirect;C:\Informatica\10.4.1\clients\tools\datadirect;C:\Informatica\10.4.1\clients\tools\odbcdrv;C:\Informatica\10.4.1\clients\tools\jdbcdrv;C:\Informatica\10.4.1\clients\tools\sharedlibs;C:\Informatica\10.4.0\clients\tools\datadirect;C:\Informatica\10.4.0\clients\tools\odbcdrv;C:\Informatica\10.4.0\clients\tools\jdbcdrv;C:\Informatica\10.4.0\clients\tools\sharedlibs;C:\Python37-32\Scripts\;C:\Python37-32\;C:\jython;c:\robot\remoteswinglibrary.jar;c:\Windows\System32\;C:\Program Files (x86)\VMware\CobraWinLDTP\;C:\Program Files\PuTTY\;C:\ProgramData\chocolatey\bin;C:\apache-maven-3.6.3\bin;C:\Program Files\Microsoft SQL Server\Client SDK\ODBC\110\Tools\Binn\;C:\Program Files (x86)\Microsoft SQL Server\120\Tools\Binn\ManagementStudio\;C:\Program Files (x86)\Microsoft SQL Server\120\Tools\Binn\;C:\Program Files\Microsoft SQL Server\120\Tools\Binn\;C:\Program Files (x86)\Microsoft SQL Server\120\DTS\Binn\;C:\Program Files\Microsoft SQL Server\120\DTS\Binn\;C:\WINDOWS\system32;C:\WINDOWS;C:\WINDOWS\System32\Wbem;C:\WINDOWS\System32\WindowsPowerShell\v1.0\;C:\WINDOWS\System32\OpenSSH\;C:\Program Files (x86)\NVIDIA Corporation\PhysX\Common;C:\Program Files\NVIDIA Corporation\NVIDIA NvDLISR;C:\Program Files (x86)\Sennheiser\SoftphoneSDK\;C:\WINDOWS\system32;C:\WINDOWS;C:\WINDOWS\System32\Wbem;C:\WINDOWS\System32\WindowsPowerShell\v1.0\;C:\WINDOWS\System32\OpenSSH\;C:\Program Files\Git\cmd;C:\Python37-32\Scripts\;C:\Python37-32\;C:\Users\avallapr\AppData\Local\Microsoft\WindowsApps;C:\java-1.8.0-openjdk\bin;C:\java-1.8.0-openjdk\jre;c:\robot\remoteswinglibrary.jar;C:\jython2.5.2\BIN;c:\Windows\System32\;;C:\Program Files\JetBrains\PyCharm Professional Edition with Anaconda plugin 2019.2.1\bin;;C:\Microsoft VS Code\bin;C:\Users\avallapr\AppData\Local\Programs\mongosh\;C:\WINDOWS\system32;;."/>
    <property name="java.specification.name" value="Java Platform API Specification"/>
    <property name="java.class.version" value="52.0"/>
    <property name="sun.management.compiler" value="HotSpot 64-Bit Tiered Compilers"/>
    <property name="os.version" value="10.0"/>
    <property name="user.home" value="C:\Users\avallapr"/>
    <property name="user.timezone" value="Asia/Calcutta"/>
    <property name="java.awt.printerjob" value="sun.awt.windows.WPrinterJob"/>
    <property name="java.specification.version" value="1.8"/>
    <property name="file.encoding" value="Cp1252"/>
    <property name="user.name" value="avallapr"/>
    <property name="java.class.path" value="C:\Users\avallapr\.p2\pool\plugins\org.eclipse.m2e.maven.runtime_1.9.1.20180912-1600\jars\plexus-classworlds-2.5.2.jar"/>
    <property name="java.vm.specification.version" value="1.8"/>
    <property name="sun.arch.data.model" value="64"/>
    <property name="java.home" value="C:\java-1.8.0-openjdk\jre"/>
    <property name="sun.java.command" value="org.codehaus.plexus.classworlds.launcher.Launcher -B clean install"/>
    <property name="java.specification.vendor" value="Oracle Corporation"/>
    <property name="user.language" value="en"/>
    <property name="awt.toolkit" value="sun.awt.windows.WToolkit"/>
    <property name="java.vm.info" value="mixed mode"/>
    <property name="java.version" value="1.8.0_191-1-ojdkbuild"/>
    <property name="java.ext.dirs" value="C:\java-1.8.0-openjdk\jre\lib\ext;C:\WINDOWS\Sun\Java\lib\ext"/>
    <property name="sun.boot.class.path" value="C:\java-1.8.0-openjdk\jre\lib\resources.jar;C:\java-1.8.0-openjdk\jre\lib\rt.jar;C:\java-1.8.0-openjdk\jre\lib\sunrsasign.jar;C:\java-1.8.0-openjdk\jre\lib\jsse.jar;C:\java-1.8.0-openjdk\jre\lib\jce.jar;C:\java-1.8.0-openjdk\jre\lib\charsets.jar;C:\java-1.8.0-openjdk\jre\lib\jfr.jar;C:\java-1.8.0-openjdk\jre\classes"/>
    <property name="java.vendor" value="Oracle Corporation"/>
    <property name="maven.home" value="C:\Users\avallapr\eclipse-workspace\demotest\EMBEDDED"/>
    <property name="file.separator" value="\"/>
    <property name="java.vendor.url.bug" value="http://bugreport.sun.com/bugreport/"/>
    <property name="sun.cpu.endian" value="little"/>
    <property name="sun.io.unicode.encoding" value="UnicodeLittle"/>
    <property name="sun.desktop" value="windows"/>
    <property name="sun.cpu.isalist" value="amd64"/>
  </properties>
  <testcase classname="qa.tests.RestApiTest" name="userRegistration" time="1.104"/>
  <testcase classname="qa.tests.SampleTest" name="searchItemAndAddToCart" time="8.875"/>
  <testcase classname="qa.tests.RestApiTest" name="userLogin" time="0.245"/>
  <testcase classname="qa.tests.SampleTest" name="uploadFile" time="1.836"/>
  <testcase classname="qa.tests.RestApiTest" name="get_Users" time="0.233"/>
  <testcase classname="qa.tests.SampleTest" name="createAccount" time="6.698"/>
  <testcase classname="qa.tests.RestApiTest" name="createUser_Post" time="0.334"/>
  <testcase classname="qa.tests.RestApiTest" name="getUser_GET" time="0.293"/>
  <testcase classname="qa.tests.RestApiTest" name="updateUser_Put" time="0.262"/>
  <testcase classname="qa.tests.RestApiTest" name="deleteUser_Delete" time="0.259"/>
  <testcase classname="qa.tests.RestApiTest" name="getUser_GET_afterDelete" time="0.285"/>
</testsuite>