<?xml version="1.0" encoding="UTF-8"?>
<!-- Generated by org.testng.reporters.JUnitReportReporter -->
<testsuite hostname="INW1PF1668EG" name="qa.tests.SampleTest" tests="3" failures="0" timestamp="9 Jan 2022 07:44:59 GMT" time="39.391" errors="0">
  <testcase name="searchItemAndAddToCart" time="14.940" classname="qa.tests.SampleTest"/>
  <testcase name="createAccount" time="13.936" classname="qa.tests.SampleTest"/>
  <testcase name="uploadFile" time="10.515" classname="qa.tests.SampleTest"/>
</testsuite> <!-- qa.tests.SampleTest -->
