<?xml version="1.0" encoding="UTF-8"?>
<!-- Generated by org.testng.reporters.JUnitReportReporter -->
<testsuite hostname="INW1PF1668EG" name="qa.tests.RestApiTest" tests="8" failures="0" timestamp="12 Jan 2022 16:51:21 GMT" time="3.013" errors="0">
  <testcase name="userRegistration" time="1.102" classname="qa.tests.RestApiTest"/>
  <testcase name="updateUser_Put" time="0.262" classname="qa.tests.RestApiTest"/>
  <testcase name="deleteUser_Delete" time="0.259" classname="qa.tests.RestApiTest"/>
  <testcase name="get_Users" time="0.233" classname="qa.tests.RestApiTest"/>
  <testcase name="createUser_Post" time="0.334" classname="qa.tests.RestApiTest"/>
  <testcase name="getUser_GET_afterDelete" time="0.285" classname="qa.tests.RestApiTest"/>
  <testcase name="getUser_GET" time="0.293" classname="qa.tests.RestApiTest"/>
  <testcase name="userLogin" time="0.245" classname="qa.tests.RestApiTest"/>
</testsuite> <!-- qa.tests.RestApiTest -->
