<?xml version="1.0" encoding="UTF-8"?>
<!-- Generated by org.testng.reporters.JUnitReportReporter -->
<testsuite hostname="INW1PF1668EG" name="qa.tests.SampleTest" tests="3" failures="0" timestamp="12 Jan 2022 16:51:21 GMT" time="34.804" errors="0">
  <testcase name="uploadFile" time="7.990" classname="qa.tests.SampleTest"/>
  <testcase name="createAccount" time="12.399" classname="qa.tests.SampleTest"/>
  <testcase name="searchItemAndAddToCart" time="14.415" classname="qa.tests.SampleTest"/>
</testsuite> <!-- qa.tests.SampleTest -->
